<?xml version="1.0" encoding="UTF-8"?>
<!-- Generated by org.testng.reporters.JUnitReportReporter -->
<testsuite hostname="MacBook-Pro-de-Jesus.local" failures="0" tests="1" name="sonoranearshore.Tests.ContextMenuTest" time="26.872" errors="0" timestamp="2023-05-08T18:36:28 MST" skipped="0">
  <testcase classname="sonoranearshore.Tests.ContextMenuTest" name="testContextMenu" time="26.872"/>
  <system-out/>
</testsuite> <!-- sonoranearshore.Tests.ContextMenuTest -->
