<?xml version="1.0" encoding="UTF-8"?>
<!-- Generated by org.testng.reporters.JUnitReportReporter -->
<testsuite hostname="MacBook-Pro-de-Jesus.local" failures="0" tests="1" name="sonoranearshore.Tests.DisappearingElementsTest" time="26.279" errors="0" timestamp="2023-05-08T18:36:28 MST" skipped="0">
  <testcase classname="sonoranearshore.Tests.DisappearingElementsTest" name="testDisappearingElements" time="26.279"/>
  <system-out/>
</testsuite> <!-- sonoranearshore.Tests.DisappearingElementsTest -->
