<?xml version="1.0" encoding="UTF-8"?>
<!-- Generated by org.testng.reporters.JUnitReportReporter -->
<testsuite hostname="MacBook-Pro-de-Jesus.local" failures="0" tests="1" name="sonoranearshore.Tests.FileDownloadTest" time="35.455" errors="0" timestamp="2023-05-08T19:36:03 MST" skipped="0">
  <testcase classname="sonoranearshore.Tests.FileDownloadTest" name="testFileDownload" time="35.455"/>
  <system-out/>
</testsuite> <!-- sonoranearshore.Tests.FileDownloadTest -->
